[2026-06-10 08:10:14] local.ERROR: could not find driver (Connection: mysql, Host: db_auth, Port: 3306, Database: db_auth, SQL: select exists (select 1 from information_schema.tables where table_schema = schema() and table_name = 'migrations' and table_type in ('BASE TABLE', 'SYSTEM VERSIONED')) as `exists`) {"exception":"[object] (Illuminate\\Database\\QueryException(code: 0): could not find driver (Connection: mysql, Host: db_auth, Port: 3306, Database: db_auth, SQL: select exists (select 1 from information_schema.tables where table_schema = schema() and table_name = 'migrations' and table_type in ('BASE TABLE', 'SYSTEM VERSIONED')) as `exists`) at D:/program/pekerjaan/laravel/anyar-retail/auth-service/vendor/laravel/framework/src/Illuminate/Database/Connection.php:841)
[stacktrace]
#0 D:/program/pekerjaan/laravel/anyar-retail/auth-service/vendor/laravel/framework/src/Illuminate/Database/Connection.php(797): Illuminate/Database/Connection->runQueryCallback()
#1 D:/program/pekerjaan/laravel/anyar-retail/auth-service/vendor/laravel/framework/src/Illuminate/Database/Connection.php(412): Illuminate/Database/Connection->run()
#2 D:/program/pekerjaan/laravel/anyar-retail/auth-service/vendor/laravel/framework/src/Illuminate/Database/Connection.php(357): Illuminate/Database/Connection->select()
#3 D:/program/pekerjaan/laravel/anyar-retail/auth-service/vendor/laravel/framework/src/Illuminate/Database/Connection.php(374): Illuminate/Database/Connection->selectOne()
#4 D:/program/pekerjaan/laravel/anyar-retail/auth-service/vendor/laravel/framework/src/Illuminate/Database/Schema/Builder.php(176): Illuminate/Database/Connection->scalar()
#5 D:/program/pekerjaan/laravel/anyar-retail/auth-service/vendor/laravel/framework/src/Illuminate/Database/Migrations/DatabaseMigrationRepository.php(185): Illuminate/Database/Schema/Builder->hasTable()
#6 D:/program/pekerjaan/laravel/anyar-retail/auth-service/vendor/laravel/framework/src/Illuminate/Database/Migrations/Migrator.php(758): Illuminate/Database/Migrations/DatabaseMigrationRepository->repositoryExists()
#7 D:/program/pekerjaan/laravel/anyar-retail/auth-service/vendor/laravel/framework/src/Illuminate/Database/Console/Migrations/MigrateCommand.php(166): Illuminate/Database/Migrations/Migrator->repositoryExists()
#8 D:/program/pekerjaan/laravel/anyar-retail/auth-service/vendor/laravel/framework/src/Illuminate/Support/helpers.php(328): Illuminate/Database/Console/Migrations/MigrateCommand->{closure:Illuminate/Database/Console/Migrations/MigrateCommand::repositoryExists():166}()
#9 D:/program/pekerjaan/laravel/anyar-retail/auth-service/vendor/laravel/framework/src/Illuminate/Database/Console/Migrations/MigrateCommand.php(166): retry()
#10 D:/program/pekerjaan/laravel/anyar-retail/auth-service/vendor/laravel/framework/src/Illuminate/Database/Console/Migrations/MigrateCommand.php(142): Illuminate/Database/Console/Migrations/MigrateCommand->repositoryExists()
#11 D:/program/pekerjaan/laravel/anyar-retail/auth-service/vendor/laravel/framework/src/Illuminate/Database/Console/Migrations/MigrateCommand.php(112): Illuminate/Database/Console/Migrations/MigrateCommand->prepareDatabase()
#12 D:/program/pekerjaan/laravel/anyar-retail/auth-service/vendor/laravel/framework/src/Illuminate/Database/Migrations/Migrator.php(671): Illuminate/Database/Console/Migrations/MigrateCommand->{closure:Illuminate/Database/Console/Migrations/MigrateCommand::runMigrations():111}()
#13 D:/program/pekerjaan/laravel/anyar-retail/auth-service/vendor/laravel/framework/src/Illuminate/Database/Console/Migrations/MigrateCommand.php(111): Illuminate/Database/Migrations/Migrator->usingConnection()
#14 D:/program/pekerjaan/laravel/anyar-retail/auth-service/vendor/laravel/framework/src/Illuminate/Database/Console/Migrations/MigrateCommand.php(90): Illuminate/Database/Console/Migrations/MigrateCommand->runMigrations()
#15 D:/program/pekerjaan/laravel/anyar-retail/auth-service/vendor/laravel/framework/src/Illuminate/Container/BoundMethod.php(36): Illuminate/Database/Console/Migrations/MigrateCommand->handle()
#16 D:/program/pekerjaan/laravel/anyar-retail/auth-service/vendor/laravel/framework/src/Illuminate/Container/Util.php(43): Illuminate/Container/BoundMethod::{closure:Illuminate/Container/BoundMethod::call():35}()
#17 D:/program/pekerjaan/laravel/anyar-retail/auth-service/vendor/laravel/framework/src/Illuminate/Container/BoundMethod.php(96): Illuminate/Container/Util::unwrapIfClosure()
#18 D:/program/pekerjaan/laravel/anyar-retail/auth-service/vendor/laravel/framework/src/Illuminate/Container/BoundMethod.php(35): Illuminate/Container/BoundMethod::callBoundMethod()
#19 D:/program/pekerjaan/laravel/anyar-retail/auth-service/vendor/laravel/framework/src/Illuminate/Container/Container.php(799): Illuminate/Container/BoundMethod::call()
#20 D:/program/pekerjaan/laravel/anyar-retail/auth-service/vendor/laravel/framework/src/Illuminate/Console/Command.php(280): Illuminate/Container/Container->call()
#21 D:/program/pekerjaan/laravel/anyar-retail/auth-service/vendor/symfony/console/Command/Command.php(284): Illuminate/Console/Command->execute()
#22 D:/program/pekerjaan/laravel/anyar-retail/auth-service/vendor/laravel/framework/src/Illuminate/Console/Command.php(249): Symfony/Component/Console/Command/Command->run()
#23 D:/program/pekerjaan/laravel/anyar-retail/auth-service/vendor/symfony/console/Application.php(1144): Illuminate/Console/Command->run()
#24 D:/program/pekerjaan/laravel/anyar-retail/auth-service/vendor/symfony/console/Application.php(379): Symfony/Component/Console/Application->doRunCommand()
#25 D:/program/pekerjaan/laravel/anyar-retail/auth-service/vendor/symfony/console/Application.php(218): Symfony/Component/Console/Application->doRun()
#26 D:/program/pekerjaan/laravel/anyar-retail/auth-service/vendor/laravel/framework/src/Illuminate/Foundation/Console/Kernel.php(198): Symfony/Component/Console/Application->run()
#27 D:/program/pekerjaan/laravel/anyar-retail/auth-service/vendor/laravel/framework/src/Illuminate/Foundation/Application.php(1235): Illuminate/Foundation/Console/Kernel->handle()
#28 D:/program/pekerjaan/laravel/anyar-retail/auth-service/artisan(16): Illuminate/Foundation/Application->handleCommand()
#29 {main}

[previous exception] [object] (PDOException(code: 0): could not find driver at D:/program/pekerjaan/laravel/anyar-retail/auth-service/vendor/laravel/framework/src/Illuminate/Database/Connectors/Connector.php:67)
[stacktrace]
#0 D:/program/pekerjaan/laravel/anyar-retail/auth-service/vendor/laravel/framework/src/Illuminate/Database/Connectors/Connector.php(67): PDO::connect()
#1 D:/program/pekerjaan/laravel/anyar-retail/auth-service/vendor/laravel/framework/src/Illuminate/Database/Connectors/Connector.php(44): Illuminate/Database/Connectors/Connector->createPdoConnection()
#2 D:/program/pekerjaan/laravel/anyar-retail/auth-service/vendor/laravel/framework/src/Illuminate/Database/Connectors/MySqlConnector.php(24): Illuminate/Database/Connectors/Connector->createConnection()
#3 D:/program/pekerjaan/laravel/anyar-retail/auth-service/vendor/laravel/framework/src/Illuminate/Database/Connectors/ConnectionFactory.php(188): Illuminate/Database/Connectors/MySqlConnector->connect()
#4 [internal function]: Illuminate/Database/Connectors/ConnectionFactory->{closure:Illuminate/Database/Connectors/ConnectionFactory::createPdoResolverWithHosts():181}()
#5 D:/program/pekerjaan/laravel/anyar-retail/auth-service/vendor/laravel/framework/src/Illuminate/Database/Connection.php(1279): call_user_func()
#6 D:/program/pekerjaan/laravel/anyar-retail/auth-service/vendor/laravel/framework/src/Illuminate/Database/Connection.php(1317): Illuminate/Database/Connection->getPdo()
#7 D:/program/pekerjaan/laravel/anyar-retail/auth-service/vendor/laravel/framework/src/Illuminate/Database/Connection.php(528): Illuminate/Database/Connection->getReadPdo()
#8 D:/program/pekerjaan/laravel/anyar-retail/auth-service/vendor/laravel/framework/src/Illuminate/Database/Connection.php(421): Illuminate/Database/Connection->getPdoForSelect()
#9 D:/program/pekerjaan/laravel/anyar-retail/auth-service/vendor/laravel/framework/src/Illuminate/Database/Connection.php(830): Illuminate/Database/Connection->{closure:Illuminate/Database/Connection::select():412}()
#10 D:/program/pekerjaan/laravel/anyar-retail/auth-service/vendor/laravel/framework/src/Illuminate/Database/Connection.php(797): Illuminate/Database/Connection->runQueryCallback()
#11 D:/program/pekerjaan/laravel/anyar-retail/auth-service/vendor/laravel/framework/src/Illuminate/Database/Connection.php(412): Illuminate/Database/Connection->run()
#12 D:/program/pekerjaan/laravel/anyar-retail/auth-service/vendor/laravel/framework/src/Illuminate/Database/Connection.php(357): Illuminate/Database/Connection->select()
#13 D:/program/pekerjaan/laravel/anyar-retail/auth-service/vendor/laravel/framework/src/Illuminate/Database/Connection.php(374): Illuminate/Database/Connection->selectOne()
#14 D:/program/pekerjaan/laravel/anyar-retail/auth-service/vendor/laravel/framework/src/Illuminate/Database/Schema/Builder.php(176): Illuminate/Database/Connection->scalar()
#15 D:/program/pekerjaan/laravel/anyar-retail/auth-service/vendor/laravel/framework/src/Illuminate/Database/Migrations/DatabaseMigrationRepository.php(185): Illuminate/Database/Schema/Builder->hasTable()
#16 D:/program/pekerjaan/laravel/anyar-retail/auth-service/vendor/laravel/framework/src/Illuminate/Database/Migrations/Migrator.php(758): Illuminate/Database/Migrations/DatabaseMigrationRepository->repositoryExists()
#17 D:/program/pekerjaan/laravel/anyar-retail/auth-service/vendor/laravel/framework/src/Illuminate/Database/Console/Migrations/MigrateCommand.php(166): Illuminate/Database/Migrations/Migrator->repositoryExists()
#18 D:/program/pekerjaan/laravel/anyar-retail/auth-service/vendor/laravel/framework/src/Illuminate/Support/helpers.php(328): Illuminate/Database/Console/Migrations/MigrateCommand->{closure:Illuminate/Database/Console/Migrations/MigrateCommand::repositoryExists():166}()
#19 D:/program/pekerjaan/laravel/anyar-retail/auth-service/vendor/laravel/framework/src/Illuminate/Database/Console/Migrations/MigrateCommand.php(166): retry()
#20 D:/program/pekerjaan/laravel/anyar-retail/auth-service/vendor/laravel/framework/src/Illuminate/Database/Console/Migrations/MigrateCommand.php(142): Illuminate/Database/Console/Migrations/MigrateCommand->repositoryExists()
#21 D:/program/pekerjaan/laravel/anyar-retail/auth-service/vendor/laravel/framework/src/Illuminate/Database/Console/Migrations/MigrateCommand.php(112): Illuminate/Database/Console/Migrations/MigrateCommand->prepareDatabase()
#22 D:/program/pekerjaan/laravel/anyar-retail/auth-service/vendor/laravel/framework/src/Illuminate/Database/Migrations/Migrator.php(671): Illuminate/Database/Console/Migrations/MigrateCommand->{closure:Illuminate/Database/Console/Migrations/MigrateCommand::runMigrations():111}()
#23 D:/program/pekerjaan/laravel/anyar-retail/auth-service/vendor/laravel/framework/src/Illuminate/Database/Console/Migrations/MigrateCommand.php(111): Illuminate/Database/Migrations/Migrator->usingConnection()
#24 D:/program/pekerjaan/laravel/anyar-retail/auth-service/vendor/laravel/framework/src/Illuminate/Database/Console/Migrations/MigrateCommand.php(90): Illuminate/Database/Console/Migrations/MigrateCommand->runMigrations()
#25 D:/program/pekerjaan/laravel/anyar-retail/auth-service/vendor/laravel/framework/src/Illuminate/Container/BoundMethod.php(36): Illuminate/Database/Console/Migrations/MigrateCommand->handle()
#26 D:/program/pekerjaan/laravel/anyar-retail/auth-service/vendor/laravel/framework/src/Illuminate/Container/Util.php(43): Illuminate/Container/BoundMethod::{closure:Illuminate/Container/BoundMethod::call():35}()
#27 D:/program/pekerjaan/laravel/anyar-retail/auth-service/vendor/laravel/framework/src/Illuminate/Container/BoundMethod.php(96): Illuminate/Container/Util::unwrapIfClosure()
#28 D:/program/pekerjaan/laravel/anyar-retail/auth-service/vendor/laravel/framework/src/Illuminate/Container/BoundMethod.php(35): Illuminate/Container/BoundMethod::callBoundMethod()
#29 D:/program/pekerjaan/laravel/anyar-retail/auth-service/vendor/laravel/framework/src/Illuminate/Container/Container.php(799): Illuminate/Container/BoundMethod::call()
#30 D:/program/pekerjaan/laravel/anyar-retail/auth-service/vendor/laravel/framework/src/Illuminate/Console/Command.php(280): Illuminate/Container/Container->call()
#31 D:/program/pekerjaan/laravel/anyar-retail/auth-service/vendor/symfony/console/Command/Command.php(284): Illuminate/Console/Command->execute()
#32 D:/program/pekerjaan/laravel/anyar-retail/auth-service/vendor/laravel/framework/src/Illuminate/Console/Command.php(249): Symfony/Component/Console/Command/Command->run()
#33 D:/program/pekerjaan/laravel/anyar-retail/auth-service/vendor/symfony/console/Application.php(1144): Illuminate/Console/Command->run()
#34 D:/program/pekerjaan/laravel/anyar-retail/auth-service/vendor/symfony/console/Application.php(379): Symfony/Component/Console/Application->doRunCommand()
#35 D:/program/pekerjaan/laravel/anyar-retail/auth-service/vendor/symfony/console/Application.php(218): Symfony/Component/Console/Application->doRun()
#36 D:/program/pekerjaan/laravel/anyar-retail/auth-service/vendor/laravel/framework/src/Illuminate/Foundation/Console/Kernel.php(198): Symfony/Component/Console/Application->run()
#37 D:/program/pekerjaan/laravel/anyar-retail/auth-service/vendor/laravel/framework/src/Illuminate/Foundation/Application.php(1235): Illuminate/Foundation/Console/Kernel->handle()
#38 D:/program/pekerjaan/laravel/anyar-retail/auth-service/artisan(16): Illuminate/Foundation/Application->handleCommand()
#39 {main}
"} 
[2026-06-10 08:10:34] local.ERROR: could not find driver (Connection: mysql, Host: db_auth, Port: 3306, Database: db_auth, SQL: select exists (select 1 from information_schema.tables where table_schema = schema() and table_name = 'migrations' and table_type in ('BASE TABLE', 'SYSTEM VERSIONED')) as `exists`) {"exception":"[object] (Illuminate\\Database\\QueryException(code: 0): could not find driver (Connection: mysql, Host: db_auth, Port: 3306, Database: db_auth, SQL: select exists (select 1 from information_schema.tables where table_schema = schema() and table_name = 'migrations' and table_type in ('BASE TABLE', 'SYSTEM VERSIONED')) as `exists`) at D:/program/pekerjaan/laravel/anyar-retail/auth-service/vendor/laravel/framework/src/Illuminate/Database/Connection.php:841)
[stacktrace]
#0 D:/program/pekerjaan/laravel/anyar-retail/auth-service/vendor/laravel/framework/src/Illuminate/Database/Connection.php(797): Illuminate/Database/Connection->runQueryCallback()
#1 D:/program/pekerjaan/laravel/anyar-retail/auth-service/vendor/laravel/framework/src/Illuminate/Database/Connection.php(412): Illuminate/Database/Connection->run()
#2 D:/program/pekerjaan/laravel/anyar-retail/auth-service/vendor/laravel/framework/src/Illuminate/Database/Connection.php(357): Illuminate/Database/Connection->select()
#3 D:/program/pekerjaan/laravel/anyar-retail/auth-service/vendor/laravel/framework/src/Illuminate/Database/Connection.php(374): Illuminate/Database/Connection->selectOne()
#4 D:/program/pekerjaan/laravel/anyar-retail/auth-service/vendor/laravel/framework/src/Illuminate/Database/Schema/Builder.php(176): Illuminate/Database/Connection->scalar()
#5 D:/program/pekerjaan/laravel/anyar-retail/auth-service/vendor/laravel/framework/src/Illuminate/Database/Migrations/DatabaseMigrationRepository.php(185): Illuminate/Database/Schema/Builder->hasTable()
#6 D:/program/pekerjaan/laravel/anyar-retail/auth-service/vendor/laravel/framework/src/Illuminate/Database/Migrations/Migrator.php(758): Illuminate/Database/Migrations/DatabaseMigrationRepository->repositoryExists()
#7 D:/program/pekerjaan/laravel/anyar-retail/auth-service/vendor/laravel/framework/src/Illuminate/Database/Console/Migrations/MigrateCommand.php(166): Illuminate/Database/Migrations/Migrator->repositoryExists()
#8 D:/program/pekerjaan/laravel/anyar-retail/auth-service/vendor/laravel/framework/src/Illuminate/Support/helpers.php(328): Illuminate/Database/Console/Migrations/MigrateCommand->{closure:Illuminate/Database/Console/Migrations/MigrateCommand::repositoryExists():166}()
#9 D:/program/pekerjaan/laravel/anyar-retail/auth-service/vendor/laravel/framework/src/Illuminate/Database/Console/Migrations/MigrateCommand.php(166): retry()
#10 D:/program/pekerjaan/laravel/anyar-retail/auth-service/vendor/laravel/framework/src/Illuminate/Database/Console/Migrations/MigrateCommand.php(142): Illuminate/Database/Console/Migrations/MigrateCommand->repositoryExists()
#11 D:/program/pekerjaan/laravel/anyar-retail/auth-service/vendor/laravel/framework/src/Illuminate/Database/Console/Migrations/MigrateCommand.php(112): Illuminate/Database/Console/Migrations/MigrateCommand->prepareDatabase()
#12 D:/program/pekerjaan/laravel/anyar-retail/auth-service/vendor/laravel/framework/src/Illuminate/Database/Migrations/Migrator.php(671): Illuminate/Database/Console/Migrations/MigrateCommand->{closure:Illuminate/Database/Console/Migrations/MigrateCommand::runMigrations():111}()
#13 D:/program/pekerjaan/laravel/anyar-retail/auth-service/vendor/laravel/framework/src/Illuminate/Database/Console/Migrations/MigrateCommand.php(111): Illuminate/Database/Migrations/Migrator->usingConnection()
#14 D:/program/pekerjaan/laravel/anyar-retail/auth-service/vendor/laravel/framework/src/Illuminate/Database/Console/Migrations/MigrateCommand.php(90): Illuminate/Database/Console/Migrations/MigrateCommand->runMigrations()
#15 D:/program/pekerjaan/laravel/anyar-retail/auth-service/vendor/laravel/framework/src/Illuminate/Container/BoundMethod.php(36): Illuminate/Database/Console/Migrations/MigrateCommand->handle()
#16 D:/program/pekerjaan/laravel/anyar-retail/auth-service/vendor/laravel/framework/src/Illuminate/Container/Util.php(43): Illuminate/Container/BoundMethod::{closure:Illuminate/Container/BoundMethod::call():35}()
#17 D:/program/pekerjaan/laravel/anyar-retail/auth-service/vendor/laravel/framework/src/Illuminate/Container/BoundMethod.php(96): Illuminate/Container/Util::unwrapIfClosure()
#18 D:/program/pekerjaan/laravel/anyar-retail/auth-service/vendor/laravel/framework/src/Illuminate/Container/BoundMethod.php(35): Illuminate/Container/BoundMethod::callBoundMethod()
#19 D:/program/pekerjaan/laravel/anyar-retail/auth-service/vendor/laravel/framework/src/Illuminate/Container/Container.php(799): Illuminate/Container/BoundMethod::call()
#20 D:/program/pekerjaan/laravel/anyar-retail/auth-service/vendor/laravel/framework/src/Illuminate/Console/Command.php(280): Illuminate/Container/Container->call()
#21 D:/program/pekerjaan/laravel/anyar-retail/auth-service/vendor/symfony/console/Command/Command.php(284): Illuminate/Console/Command->execute()
#22 D:/program/pekerjaan/laravel/anyar-retail/auth-service/vendor/laravel/framework/src/Illuminate/Console/Command.php(249): Symfony/Component/Console/Command/Command->run()
#23 D:/program/pekerjaan/laravel/anyar-retail/auth-service/vendor/symfony/console/Application.php(1144): Illuminate/Console/Command->run()
#24 D:/program/pekerjaan/laravel/anyar-retail/auth-service/vendor/symfony/console/Application.php(379): Symfony/Component/Console/Application->doRunCommand()
#25 D:/program/pekerjaan/laravel/anyar-retail/auth-service/vendor/symfony/console/Application.php(218): Symfony/Component/Console/Application->doRun()
#26 D:/program/pekerjaan/laravel/anyar-retail/auth-service/vendor/laravel/framework/src/Illuminate/Foundation/Console/Kernel.php(198): Symfony/Component/Console/Application->run()
#27 D:/program/pekerjaan/laravel/anyar-retail/auth-service/vendor/laravel/framework/src/Illuminate/Foundation/Application.php(1235): Illuminate/Foundation/Console/Kernel->handle()
#28 D:/program/pekerjaan/laravel/anyar-retail/auth-service/artisan(16): Illuminate/Foundation/Application->handleCommand()
#29 {main}

[previous exception] [object] (PDOException(code: 0): could not find driver at D:/program/pekerjaan/laravel/anyar-retail/auth-service/vendor/laravel/framework/src/Illuminate/Database/Connectors/Connector.php:67)
[stacktrace]
#0 D:/program/pekerjaan/laravel/anyar-retail/auth-service/vendor/laravel/framework/src/Illuminate/Database/Connectors/Connector.php(67): PDO::connect()
#1 D:/program/pekerjaan/laravel/anyar-retail/auth-service/vendor/laravel/framework/src/Illuminate/Database/Connectors/Connector.php(44): Illuminate/Database/Connectors/Connector->createPdoConnection()
#2 D:/program/pekerjaan/laravel/anyar-retail/auth-service/vendor/laravel/framework/src/Illuminate/Database/Connectors/MySqlConnector.php(24): Illuminate/Database/Connectors/Connector->createConnection()
#3 D:/program/pekerjaan/laravel/anyar-retail/auth-service/vendor/laravel/framework/src/Illuminate/Database/Connectors/ConnectionFactory.php(188): Illuminate/Database/Connectors/MySqlConnector->connect()
#4 [internal function]: Illuminate/Database/Connectors/ConnectionFactory->{closure:Illuminate/Database/Connectors/ConnectionFactory::createPdoResolverWithHosts():181}()
#5 D:/program/pekerjaan/laravel/anyar-retail/auth-service/vendor/laravel/framework/src/Illuminate/Database/Connection.php(1279): call_user_func()
#6 D:/program/pekerjaan/laravel/anyar-retail/auth-service/vendor/laravel/framework/src/Illuminate/Database/Connection.php(1317): Illuminate/Database/Connection->getPdo()
#7 D:/program/pekerjaan/laravel/anyar-retail/auth-service/vendor/laravel/framework/src/Illuminate/Database/Connection.php(528): Illuminate/Database/Connection->getReadPdo()
#8 D:/program/pekerjaan/laravel/anyar-retail/auth-service/vendor/laravel/framework/src/Illuminate/Database/Connection.php(421): Illuminate/Database/Connection->getPdoForSelect()
#9 D:/program/pekerjaan/laravel/anyar-retail/auth-service/vendor/laravel/framework/src/Illuminate/Database/Connection.php(830): Illuminate/Database/Connection->{closure:Illuminate/Database/Connection::select():412}()
#10 D:/program/pekerjaan/laravel/anyar-retail/auth-service/vendor/laravel/framework/src/Illuminate/Database/Connection.php(797): Illuminate/Database/Connection->runQueryCallback()
#11 D:/program/pekerjaan/laravel/anyar-retail/auth-service/vendor/laravel/framework/src/Illuminate/Database/Connection.php(412): Illuminate/Database/Connection->run()
#12 D:/program/pekerjaan/laravel/anyar-retail/auth-service/vendor/laravel/framework/src/Illuminate/Database/Connection.php(357): Illuminate/Database/Connection->select()
#13 D:/program/pekerjaan/laravel/anyar-retail/auth-service/vendor/laravel/framework/src/Illuminate/Database/Connection.php(374): Illuminate/Database/Connection->selectOne()
#14 D:/program/pekerjaan/laravel/anyar-retail/auth-service/vendor/laravel/framework/src/Illuminate/Database/Schema/Builder.php(176): Illuminate/Database/Connection->scalar()
#15 D:/program/pekerjaan/laravel/anyar-retail/auth-service/vendor/laravel/framework/src/Illuminate/Database/Migrations/DatabaseMigrationRepository.php(185): Illuminate/Database/Schema/Builder->hasTable()
#16 D:/program/pekerjaan/laravel/anyar-retail/auth-service/vendor/laravel/framework/src/Illuminate/Database/Migrations/Migrator.php(758): Illuminate/Database/Migrations/DatabaseMigrationRepository->repositoryExists()
#17 D:/program/pekerjaan/laravel/anyar-retail/auth-service/vendor/laravel/framework/src/Illuminate/Database/Console/Migrations/MigrateCommand.php(166): Illuminate/Database/Migrations/Migrator->repositoryExists()
#18 D:/program/pekerjaan/laravel/anyar-retail/auth-service/vendor/laravel/framework/src/Illuminate/Support/helpers.php(328): Illuminate/Database/Console/Migrations/MigrateCommand->{closure:Illuminate/Database/Console/Migrations/MigrateCommand::repositoryExists():166}()
#19 D:/program/pekerjaan/laravel/anyar-retail/auth-service/vendor/laravel/framework/src/Illuminate/Database/Console/Migrations/MigrateCommand.php(166): retry()
#20 D:/program/pekerjaan/laravel/anyar-retail/auth-service/vendor/laravel/framework/src/Illuminate/Database/Console/Migrations/MigrateCommand.php(142): Illuminate/Database/Console/Migrations/MigrateCommand->repositoryExists()
#21 D:/program/pekerjaan/laravel/anyar-retail/auth-service/vendor/laravel/framework/src/Illuminate/Database/Console/Migrations/MigrateCommand.php(112): Illuminate/Database/Console/Migrations/MigrateCommand->prepareDatabase()
#22 D:/program/pekerjaan/laravel/anyar-retail/auth-service/vendor/laravel/framework/src/Illuminate/Database/Migrations/Migrator.php(671): Illuminate/Database/Console/Migrations/MigrateCommand->{closure:Illuminate/Database/Console/Migrations/MigrateCommand::runMigrations():111}()
#23 D:/program/pekerjaan/laravel/anyar-retail/auth-service/vendor/laravel/framework/src/Illuminate/Database/Console/Migrations/MigrateCommand.php(111): Illuminate/Database/Migrations/Migrator->usingConnection()
#24 D:/program/pekerjaan/laravel/anyar-retail/auth-service/vendor/laravel/framework/src/Illuminate/Database/Console/Migrations/MigrateCommand.php(90): Illuminate/Database/Console/Migrations/MigrateCommand->runMigrations()
#25 D:/program/pekerjaan/laravel/anyar-retail/auth-service/vendor/laravel/framework/src/Illuminate/Container/BoundMethod.php(36): Illuminate/Database/Console/Migrations/MigrateCommand->handle()
#26 D:/program/pekerjaan/laravel/anyar-retail/auth-service/vendor/laravel/framework/src/Illuminate/Container/Util.php(43): Illuminate/Container/BoundMethod::{closure:Illuminate/Container/BoundMethod::call():35}()
#27 D:/program/pekerjaan/laravel/anyar-retail/auth-service/vendor/laravel/framework/src/Illuminate/Container/BoundMethod.php(96): Illuminate/Container/Util::unwrapIfClosure()
#28 D:/program/pekerjaan/laravel/anyar-retail/auth-service/vendor/laravel/framework/src/Illuminate/Container/BoundMethod.php(35): Illuminate/Container/BoundMethod::callBoundMethod()
#29 D:/program/pekerjaan/laravel/anyar-retail/auth-service/vendor/laravel/framework/src/Illuminate/Container/Container.php(799): Illuminate/Container/BoundMethod::call()
#30 D:/program/pekerjaan/laravel/anyar-retail/auth-service/vendor/laravel/framework/src/Illuminate/Console/Command.php(280): Illuminate/Container/Container->call()
#31 D:/program/pekerjaan/laravel/anyar-retail/auth-service/vendor/symfony/console/Command/Command.php(284): Illuminate/Console/Command->execute()
#32 D:/program/pekerjaan/laravel/anyar-retail/auth-service/vendor/laravel/framework/src/Illuminate/Console/Command.php(249): Symfony/Component/Console/Command/Command->run()
#33 D:/program/pekerjaan/laravel/anyar-retail/auth-service/vendor/symfony/console/Application.php(1144): Illuminate/Console/Command->run()
#34 D:/program/pekerjaan/laravel/anyar-retail/auth-service/vendor/symfony/console/Application.php(379): Symfony/Component/Console/Application->doRunCommand()
#35 D:/program/pekerjaan/laravel/anyar-retail/auth-service/vendor/symfony/console/Application.php(218): Symfony/Component/Console/Application->doRun()
#36 D:/program/pekerjaan/laravel/anyar-retail/auth-service/vendor/laravel/framework/src/Illuminate/Foundation/Console/Kernel.php(198): Symfony/Component/Console/Application->run()
#37 D:/program/pekerjaan/laravel/anyar-retail/auth-service/vendor/laravel/framework/src/Illuminate/Foundation/Application.php(1235): Illuminate/Foundation/Console/Kernel->handle()
#38 D:/program/pekerjaan/laravel/anyar-retail/auth-service/artisan(16): Illuminate/Foundation/Application->handleCommand()
#39 {main}
"} 
[2026-06-10 09:18:44] local.ERROR: could not find driver (Connection: mysql, Host: db_auth, Port: 3306, Database: db_auth, SQL: select exists (select 1 from information_schema.tables where table_schema = schema() and table_name = 'migrations' and table_type in ('BASE TABLE', 'SYSTEM VERSIONED')) as `exists`) {"exception":"[object] (Illuminate\\Database\\QueryException(code: 0): could not find driver (Connection: mysql, Host: db_auth, Port: 3306, Database: db_auth, SQL: select exists (select 1 from information_schema.tables where table_schema = schema() and table_name = 'migrations' and table_type in ('BASE TABLE', 'SYSTEM VERSIONED')) as `exists`) at D:/program/pekerjaan/laravel/anyar-retail/auth-service/vendor/laravel/framework/src/Illuminate/Database/Connection.php:841)
[stacktrace]
#0 D:/program/pekerjaan/laravel/anyar-retail/auth-service/vendor/laravel/framework/src/Illuminate/Database/Connection.php(797): Illuminate/Database/Connection->runQueryCallback()
#1 D:/program/pekerjaan/laravel/anyar-retail/auth-service/vendor/laravel/framework/src/Illuminate/Database/Connection.php(412): Illuminate/Database/Connection->run()
#2 D:/program/pekerjaan/laravel/anyar-retail/auth-service/vendor/laravel/framework/src/Illuminate/Database/Connection.php(357): Illuminate/Database/Connection->select()
#3 D:/program/pekerjaan/laravel/anyar-retail/auth-service/vendor/laravel/framework/src/Illuminate/Database/Connection.php(374): Illuminate/Database/Connection->selectOne()
#4 D:/program/pekerjaan/laravel/anyar-retail/auth-service/vendor/laravel/framework/src/Illuminate/Database/Schema/Builder.php(176): Illuminate/Database/Connection->scalar()
#5 D:/program/pekerjaan/laravel/anyar-retail/auth-service/vendor/laravel/framework/src/Illuminate/Database/Migrations/DatabaseMigrationRepository.php(185): Illuminate/Database/Schema/Builder->hasTable()
#6 D:/program/pekerjaan/laravel/anyar-retail/auth-service/vendor/laravel/framework/src/Illuminate/Database/Migrations/Migrator.php(758): Illuminate/Database/Migrations/DatabaseMigrationRepository->repositoryExists()
#7 D:/program/pekerjaan/laravel/anyar-retail/auth-service/vendor/laravel/framework/src/Illuminate/Database/Console/Migrations/MigrateCommand.php(166): Illuminate/Database/Migrations/Migrator->repositoryExists()
#8 D:/program/pekerjaan/laravel/anyar-retail/auth-service/vendor/laravel/framework/src/Illuminate/Support/helpers.php(328): Illuminate/Database/Console/Migrations/MigrateCommand->{closure:Illuminate/Database/Console/Migrations/MigrateCommand::repositoryExists():166}()
#9 D:/program/pekerjaan/laravel/anyar-retail/auth-service/vendor/laravel/framework/src/Illuminate/Database/Console/Migrations/MigrateCommand.php(166): retry()
#10 D:/program/pekerjaan/laravel/anyar-retail/auth-service/vendor/laravel/framework/src/Illuminate/Database/Console/Migrations/MigrateCommand.php(142): Illuminate/Database/Console/Migrations/MigrateCommand->repositoryExists()
#11 D:/program/pekerjaan/laravel/anyar-retail/auth-service/vendor/laravel/framework/src/Illuminate/Database/Console/Migrations/MigrateCommand.php(112): Illuminate/Database/Console/Migrations/MigrateCommand->prepareDatabase()
#12 D:/program/pekerjaan/laravel/anyar-retail/auth-service/vendor/laravel/framework/src/Illuminate/Database/Migrations/Migrator.php(671): Illuminate/Database/Console/Migrations/MigrateCommand->{closure:Illuminate/Database/Console/Migrations/MigrateCommand::runMigrations():111}()
#13 D:/program/pekerjaan/laravel/anyar-retail/auth-service/vendor/laravel/framework/src/Illuminate/Database/Console/Migrations/MigrateCommand.php(111): Illuminate/Database/Migrations/Migrator->usingConnection()
#14 D:/program/pekerjaan/laravel/anyar-retail/auth-service/vendor/laravel/framework/src/Illuminate/Database/Console/Migrations/MigrateCommand.php(90): Illuminate/Database/Console/Migrations/MigrateCommand->runMigrations()
#15 D:/program/pekerjaan/laravel/anyar-retail/auth-service/vendor/laravel/framework/src/Illuminate/Container/BoundMethod.php(36): Illuminate/Database/Console/Migrations/MigrateCommand->handle()
#16 D:/program/pekerjaan/laravel/anyar-retail/auth-service/vendor/laravel/framework/src/Illuminate/Container/Util.php(43): Illuminate/Container/BoundMethod::{closure:Illuminate/Container/BoundMethod::call():35}()
#17 D:/program/pekerjaan/laravel/anyar-retail/auth-service/vendor/laravel/framework/src/Illuminate/Container/BoundMethod.php(96): Illuminate/Container/Util::unwrapIfClosure()
#18 D:/program/pekerjaan/laravel/anyar-retail/auth-service/vendor/laravel/framework/src/Illuminate/Container/BoundMethod.php(35): Illuminate/Container/BoundMethod::callBoundMethod()
#19 D:/program/pekerjaan/laravel/anyar-retail/auth-service/vendor/laravel/framework/src/Illuminate/Container/Container.php(799): Illuminate/Container/BoundMethod::call()
#20 D:/program/pekerjaan/laravel/anyar-retail/auth-service/vendor/laravel/framework/src/Illuminate/Console/Command.php(280): Illuminate/Container/Container->call()
#21 D:/program/pekerjaan/laravel/anyar-retail/auth-service/vendor/symfony/console/Command/Command.php(284): Illuminate/Console/Command->execute()
#22 D:/program/pekerjaan/laravel/anyar-retail/auth-service/vendor/laravel/framework/src/Illuminate/Console/Command.php(249): Symfony/Component/Console/Command/Command->run()
#23 D:/program/pekerjaan/laravel/anyar-retail/auth-service/vendor/symfony/console/Application.php(1144): Illuminate/Console/Command->run()
#24 D:/program/pekerjaan/laravel/anyar-retail/auth-service/vendor/symfony/console/Application.php(379): Symfony/Component/Console/Application->doRunCommand()
#25 D:/program/pekerjaan/laravel/anyar-retail/auth-service/vendor/symfony/console/Application.php(218): Symfony/Component/Console/Application->doRun()
#26 D:/program/pekerjaan/laravel/anyar-retail/auth-service/vendor/laravel/framework/src/Illuminate/Foundation/Console/Kernel.php(198): Symfony/Component/Console/Application->run()
#27 D:/program/pekerjaan/laravel/anyar-retail/auth-service/vendor/laravel/framework/src/Illuminate/Foundation/Application.php(1235): Illuminate/Foundation/Console/Kernel->handle()
#28 D:/program/pekerjaan/laravel/anyar-retail/auth-service/artisan(16): Illuminate/Foundation/Application->handleCommand()
#29 {main}

[previous exception] [object] (PDOException(code: 0): could not find driver at D:/program/pekerjaan/laravel/anyar-retail/auth-service/vendor/laravel/framework/src/Illuminate/Database/Connectors/Connector.php:67)
[stacktrace]
#0 D:/program/pekerjaan/laravel/anyar-retail/auth-service/vendor/laravel/framework/src/Illuminate/Database/Connectors/Connector.php(67): PDO::connect()
#1 D:/program/pekerjaan/laravel/anyar-retail/auth-service/vendor/laravel/framework/src/Illuminate/Database/Connectors/Connector.php(44): Illuminate/Database/Connectors/Connector->createPdoConnection()
#2 D:/program/pekerjaan/laravel/anyar-retail/auth-service/vendor/laravel/framework/src/Illuminate/Database/Connectors/MySqlConnector.php(24): Illuminate/Database/Connectors/Connector->createConnection()
#3 D:/program/pekerjaan/laravel/anyar-retail/auth-service/vendor/laravel/framework/src/Illuminate/Database/Connectors/ConnectionFactory.php(188): Illuminate/Database/Connectors/MySqlConnector->connect()
#4 [internal function]: Illuminate/Database/Connectors/ConnectionFactory->{closure:Illuminate/Database/Connectors/ConnectionFactory::createPdoResolverWithHosts():181}()
#5 D:/program/pekerjaan/laravel/anyar-retail/auth-service/vendor/laravel/framework/src/Illuminate/Database/Connection.php(1279): call_user_func()
#6 D:/program/pekerjaan/laravel/anyar-retail/auth-service/vendor/laravel/framework/src/Illuminate/Database/Connection.php(1317): Illuminate/Database/Connection->getPdo()
#7 D:/program/pekerjaan/laravel/anyar-retail/auth-service/vendor/laravel/framework/src/Illuminate/Database/Connection.php(528): Illuminate/Database/Connection->getReadPdo()
#8 D:/program/pekerjaan/laravel/anyar-retail/auth-service/vendor/laravel/framework/src/Illuminate/Database/Connection.php(421): Illuminate/Database/Connection->getPdoForSelect()
#9 D:/program/pekerjaan/laravel/anyar-retail/auth-service/vendor/laravel/framework/src/Illuminate/Database/Connection.php(830): Illuminate/Database/Connection->{closure:Illuminate/Database/Connection::select():412}()
#10 D:/program/pekerjaan/laravel/anyar-retail/auth-service/vendor/laravel/framework/src/Illuminate/Database/Connection.php(797): Illuminate/Database/Connection->runQueryCallback()
#11 D:/program/pekerjaan/laravel/anyar-retail/auth-service/vendor/laravel/framework/src/Illuminate/Database/Connection.php(412): Illuminate/Database/Connection->run()
#12 D:/program/pekerjaan/laravel/anyar-retail/auth-service/vendor/laravel/framework/src/Illuminate/Database/Connection.php(357): Illuminate/Database/Connection->select()
#13 D:/program/pekerjaan/laravel/anyar-retail/auth-service/vendor/laravel/framework/src/Illuminate/Database/Connection.php(374): Illuminate/Database/Connection->selectOne()
#14 D:/program/pekerjaan/laravel/anyar-retail/auth-service/vendor/laravel/framework/src/Illuminate/Database/Schema/Builder.php(176): Illuminate/Database/Connection->scalar()
#15 D:/program/pekerjaan/laravel/anyar-retail/auth-service/vendor/laravel/framework/src/Illuminate/Database/Migrations/DatabaseMigrationRepository.php(185): Illuminate/Database/Schema/Builder->hasTable()
#16 D:/program/pekerjaan/laravel/anyar-retail/auth-service/vendor/laravel/framework/src/Illuminate/Database/Migrations/Migrator.php(758): Illuminate/Database/Migrations/DatabaseMigrationRepository->repositoryExists()
#17 D:/program/pekerjaan/laravel/anyar-retail/auth-service/vendor/laravel/framework/src/Illuminate/Database/Console/Migrations/MigrateCommand.php(166): Illuminate/Database/Migrations/Migrator->repositoryExists()
#18 D:/program/pekerjaan/laravel/anyar-retail/auth-service/vendor/laravel/framework/src/Illuminate/Support/helpers.php(328): Illuminate/Database/Console/Migrations/MigrateCommand->{closure:Illuminate/Database/Console/Migrations/MigrateCommand::repositoryExists():166}()
#19 D:/program/pekerjaan/laravel/anyar-retail/auth-service/vendor/laravel/framework/src/Illuminate/Database/Console/Migrations/MigrateCommand.php(166): retry()
#20 D:/program/pekerjaan/laravel/anyar-retail/auth-service/vendor/laravel/framework/src/Illuminate/Database/Console/Migrations/MigrateCommand.php(142): Illuminate/Database/Console/Migrations/MigrateCommand->repositoryExists()
#21 D:/program/pekerjaan/laravel/anyar-retail/auth-service/vendor/laravel/framework/src/Illuminate/Database/Console/Migrations/MigrateCommand.php(112): Illuminate/Database/Console/Migrations/MigrateCommand->prepareDatabase()
#22 D:/program/pekerjaan/laravel/anyar-retail/auth-service/vendor/laravel/framework/src/Illuminate/Database/Migrations/Migrator.php(671): Illuminate/Database/Console/Migrations/MigrateCommand->{closure:Illuminate/Database/Console/Migrations/MigrateCommand::runMigrations():111}()
#23 D:/program/pekerjaan/laravel/anyar-retail/auth-service/vendor/laravel/framework/src/Illuminate/Database/Console/Migrations/MigrateCommand.php(111): Illuminate/Database/Migrations/Migrator->usingConnection()
#24 D:/program/pekerjaan/laravel/anyar-retail/auth-service/vendor/laravel/framework/src/Illuminate/Database/Console/Migrations/MigrateCommand.php(90): Illuminate/Database/Console/Migrations/MigrateCommand->runMigrations()
#25 D:/program/pekerjaan/laravel/anyar-retail/auth-service/vendor/laravel/framework/src/Illuminate/Container/BoundMethod.php(36): Illuminate/Database/Console/Migrations/MigrateCommand->handle()
#26 D:/program/pekerjaan/laravel/anyar-retail/auth-service/vendor/laravel/framework/src/Illuminate/Container/Util.php(43): Illuminate/Container/BoundMethod::{closure:Illuminate/Container/BoundMethod::call():35}()
#27 D:/program/pekerjaan/laravel/anyar-retail/auth-service/vendor/laravel/framework/src/Illuminate/Container/BoundMethod.php(96): Illuminate/Container/Util::unwrapIfClosure()
#28 D:/program/pekerjaan/laravel/anyar-retail/auth-service/vendor/laravel/framework/src/Illuminate/Container/BoundMethod.php(35): Illuminate/Container/BoundMethod::callBoundMethod()
#29 D:/program/pekerjaan/laravel/anyar-retail/auth-service/vendor/laravel/framework/src/Illuminate/Container/Container.php(799): Illuminate/Container/BoundMethod::call()
#30 D:/program/pekerjaan/laravel/anyar-retail/auth-service/vendor/laravel/framework/src/Illuminate/Console/Command.php(280): Illuminate/Container/Container->call()
#31 D:/program/pekerjaan/laravel/anyar-retail/auth-service/vendor/symfony/console/Command/Command.php(284): Illuminate/Console/Command->execute()
#32 D:/program/pekerjaan/laravel/anyar-retail/auth-service/vendor/laravel/framework/src/Illuminate/Console/Command.php(249): Symfony/Component/Console/Command/Command->run()
#33 D:/program/pekerjaan/laravel/anyar-retail/auth-service/vendor/symfony/console/Application.php(1144): Illuminate/Console/Command->run()
#34 D:/program/pekerjaan/laravel/anyar-retail/auth-service/vendor/symfony/console/Application.php(379): Symfony/Component/Console/Application->doRunCommand()
#35 D:/program/pekerjaan/laravel/anyar-retail/auth-service/vendor/symfony/console/Application.php(218): Symfony/Component/Console/Application->doRun()
#36 D:/program/pekerjaan/laravel/anyar-retail/auth-service/vendor/laravel/framework/src/Illuminate/Foundation/Console/Kernel.php(198): Symfony/Component/Console/Application->run()
#37 D:/program/pekerjaan/laravel/anyar-retail/auth-service/vendor/laravel/framework/src/Illuminate/Foundation/Application.php(1235): Illuminate/Foundation/Console/Kernel->handle()
#38 D:/program/pekerjaan/laravel/anyar-retail/auth-service/artisan(16): Illuminate/Foundation/Application->handleCommand()
#39 {main}
"} 
[2026-06-10 09:31:02] local.ERROR: could not find driver (Connection: mysql, Host: db_auth, Port: 3306, Database: db_auth, SQL: select exists (select 1 from information_schema.tables where table_schema = schema() and table_name = 'migrations' and table_type in ('BASE TABLE', 'SYSTEM VERSIONED')) as `exists`) {"exception":"[object] (Illuminate\\Database\\QueryException(code: 0): could not find driver (Connection: mysql, Host: db_auth, Port: 3306, Database: db_auth, SQL: select exists (select 1 from information_schema.tables where table_schema = schema() and table_name = 'migrations' and table_type in ('BASE TABLE', 'SYSTEM VERSIONED')) as `exists`) at D:/program/pekerjaan/laravel/anyar-retail/auth-service/vendor/laravel/framework/src/Illuminate/Database/Connection.php:841)
[stacktrace]
#0 D:/program/pekerjaan/laravel/anyar-retail/auth-service/vendor/laravel/framework/src/Illuminate/Database/Connection.php(797): Illuminate/Database/Connection->runQueryCallback()
#1 D:/program/pekerjaan/laravel/anyar-retail/auth-service/vendor/laravel/framework/src/Illuminate/Database/Connection.php(412): Illuminate/Database/Connection->run()
#2 D:/program/pekerjaan/laravel/anyar-retail/auth-service/vendor/laravel/framework/src/Illuminate/Database/Connection.php(357): Illuminate/Database/Connection->select()
#3 D:/program/pekerjaan/laravel/anyar-retail/auth-service/vendor/laravel/framework/src/Illuminate/Database/Connection.php(374): Illuminate/Database/Connection->selectOne()
#4 D:/program/pekerjaan/laravel/anyar-retail/auth-service/vendor/laravel/framework/src/Illuminate/Database/Schema/Builder.php(176): Illuminate/Database/Connection->scalar()
#5 D:/program/pekerjaan/laravel/anyar-retail/auth-service/vendor/laravel/framework/src/Illuminate/Database/Migrations/DatabaseMigrationRepository.php(185): Illuminate/Database/Schema/Builder->hasTable()
#6 D:/program/pekerjaan/laravel/anyar-retail/auth-service/vendor/laravel/framework/src/Illuminate/Database/Migrations/Migrator.php(758): Illuminate/Database/Migrations/DatabaseMigrationRepository->repositoryExists()
#7 D:/program/pekerjaan/laravel/anyar-retail/auth-service/vendor/laravel/framework/src/Illuminate/Database/Console/Migrations/MigrateCommand.php(166): Illuminate/Database/Migrations/Migrator->repositoryExists()
#8 D:/program/pekerjaan/laravel/anyar-retail/auth-service/vendor/laravel/framework/src/Illuminate/Support/helpers.php(328): Illuminate/Database/Console/Migrations/MigrateCommand->{closure:Illuminate/Database/Console/Migrations/MigrateCommand::repositoryExists():166}()
#9 D:/program/pekerjaan/laravel/anyar-retail/auth-service/vendor/laravel/framework/src/Illuminate/Database/Console/Migrations/MigrateCommand.php(166): retry()
#10 D:/program/pekerjaan/laravel/anyar-retail/auth-service/vendor/laravel/framework/src/Illuminate/Database/Console/Migrations/MigrateCommand.php(142): Illuminate/Database/Console/Migrations/MigrateCommand->repositoryExists()
#11 D:/program/pekerjaan/laravel/anyar-retail/auth-service/vendor/laravel/framework/src/Illuminate/Database/Console/Migrations/MigrateCommand.php(112): Illuminate/Database/Console/Migrations/MigrateCommand->prepareDatabase()
#12 D:/program/pekerjaan/laravel/anyar-retail/auth-service/vendor/laravel/framework/src/Illuminate/Database/Migrations/Migrator.php(671): Illuminate/Database/Console/Migrations/MigrateCommand->{closure:Illuminate/Database/Console/Migrations/MigrateCommand::runMigrations():111}()
#13 D:/program/pekerjaan/laravel/anyar-retail/auth-service/vendor/laravel/framework/src/Illuminate/Database/Console/Migrations/MigrateCommand.php(111): Illuminate/Database/Migrations/Migrator->usingConnection()
#14 D:/program/pekerjaan/laravel/anyar-retail/auth-service/vendor/laravel/framework/src/Illuminate/Database/Console/Migrations/MigrateCommand.php(90): Illuminate/Database/Console/Migrations/MigrateCommand->runMigrations()
#15 D:/program/pekerjaan/laravel/anyar-retail/auth-service/vendor/laravel/framework/src/Illuminate/Container/BoundMethod.php(36): Illuminate/Database/Console/Migrations/MigrateCommand->handle()
#16 D:/program/pekerjaan/laravel/anyar-retail/auth-service/vendor/laravel/framework/src/Illuminate/Container/Util.php(43): Illuminate/Container/BoundMethod::{closure:Illuminate/Container/BoundMethod::call():35}()
#17 D:/program/pekerjaan/laravel/anyar-retail/auth-service/vendor/laravel/framework/src/Illuminate/Container/BoundMethod.php(96): Illuminate/Container/Util::unwrapIfClosure()
#18 D:/program/pekerjaan/laravel/anyar-retail/auth-service/vendor/laravel/framework/src/Illuminate/Container/BoundMethod.php(35): Illuminate/Container/BoundMethod::callBoundMethod()
#19 D:/program/pekerjaan/laravel/anyar-retail/auth-service/vendor/laravel/framework/src/Illuminate/Container/Container.php(799): Illuminate/Container/BoundMethod::call()
#20 D:/program/pekerjaan/laravel/anyar-retail/auth-service/vendor/laravel/framework/src/Illuminate/Console/Command.php(280): Illuminate/Container/Container->call()
#21 D:/program/pekerjaan/laravel/anyar-retail/auth-service/vendor/symfony/console/Command/Command.php(284): Illuminate/Console/Command->execute()
#22 D:/program/pekerjaan/laravel/anyar-retail/auth-service/vendor/laravel/framework/src/Illuminate/Console/Command.php(249): Symfony/Component/Console/Command/Command->run()
#23 D:/program/pekerjaan/laravel/anyar-retail/auth-service/vendor/symfony/console/Application.php(1144): Illuminate/Console/Command->run()
#24 D:/program/pekerjaan/laravel/anyar-retail/auth-service/vendor/symfony/console/Application.php(379): Symfony/Component/Console/Application->doRunCommand()
#25 D:/program/pekerjaan/laravel/anyar-retail/auth-service/vendor/symfony/console/Application.php(218): Symfony/Component/Console/Application->doRun()
#26 D:/program/pekerjaan/laravel/anyar-retail/auth-service/vendor/laravel/framework/src/Illuminate/Foundation/Console/Kernel.php(198): Symfony/Component/Console/Application->run()
#27 D:/program/pekerjaan/laravel/anyar-retail/auth-service/vendor/laravel/framework/src/Illuminate/Foundation/Application.php(1235): Illuminate/Foundation/Console/Kernel->handle()
#28 D:/program/pekerjaan/laravel/anyar-retail/auth-service/artisan(16): Illuminate/Foundation/Application->handleCommand()
#29 {main}

[previous exception] [object] (PDOException(code: 0): could not find driver at D:/program/pekerjaan/laravel/anyar-retail/auth-service/vendor/laravel/framework/src/Illuminate/Database/Connectors/Connector.php:67)
[stacktrace]
#0 D:/program/pekerjaan/laravel/anyar-retail/auth-service/vendor/laravel/framework/src/Illuminate/Database/Connectors/Connector.php(67): PDO::connect()
#1 D:/program/pekerjaan/laravel/anyar-retail/auth-service/vendor/laravel/framework/src/Illuminate/Database/Connectors/Connector.php(44): Illuminate/Database/Connectors/Connector->createPdoConnection()
#2 D:/program/pekerjaan/laravel/anyar-retail/auth-service/vendor/laravel/framework/src/Illuminate/Database/Connectors/MySqlConnector.php(24): Illuminate/Database/Connectors/Connector->createConnection()
#3 D:/program/pekerjaan/laravel/anyar-retail/auth-service/vendor/laravel/framework/src/Illuminate/Database/Connectors/ConnectionFactory.php(188): Illuminate/Database/Connectors/MySqlConnector->connect()
#4 [internal function]: Illuminate/Database/Connectors/ConnectionFactory->{closure:Illuminate/Database/Connectors/ConnectionFactory::createPdoResolverWithHosts():181}()
#5 D:/program/pekerjaan/laravel/anyar-retail/auth-service/vendor/laravel/framework/src/Illuminate/Database/Connection.php(1279): call_user_func()
#6 D:/program/pekerjaan/laravel/anyar-retail/auth-service/vendor/laravel/framework/src/Illuminate/Database/Connection.php(1317): Illuminate/Database/Connection->getPdo()
#7 D:/program/pekerjaan/laravel/anyar-retail/auth-service/vendor/laravel/framework/src/Illuminate/Database/Connection.php(528): Illuminate/Database/Connection->getReadPdo()
#8 D:/program/pekerjaan/laravel/anyar-retail/auth-service/vendor/laravel/framework/src/Illuminate/Database/Connection.php(421): Illuminate/Database/Connection->getPdoForSelect()
#9 D:/program/pekerjaan/laravel/anyar-retail/auth-service/vendor/laravel/framework/src/Illuminate/Database/Connection.php(830): Illuminate/Database/Connection->{closure:Illuminate/Database/Connection::select():412}()
#10 D:/program/pekerjaan/laravel/anyar-retail/auth-service/vendor/laravel/framework/src/Illuminate/Database/Connection.php(797): Illuminate/Database/Connection->runQueryCallback()
#11 D:/program/pekerjaan/laravel/anyar-retail/auth-service/vendor/laravel/framework/src/Illuminate/Database/Connection.php(412): Illuminate/Database/Connection->run()
#12 D:/program/pekerjaan/laravel/anyar-retail/auth-service/vendor/laravel/framework/src/Illuminate/Database/Connection.php(357): Illuminate/Database/Connection->select()
#13 D:/program/pekerjaan/laravel/anyar-retail/auth-service/vendor/laravel/framework/src/Illuminate/Database/Connection.php(374): Illuminate/Database/Connection->selectOne()
#14 D:/program/pekerjaan/laravel/anyar-retail/auth-service/vendor/laravel/framework/src/Illuminate/Database/Schema/Builder.php(176): Illuminate/Database/Connection->scalar()
#15 D:/program/pekerjaan/laravel/anyar-retail/auth-service/vendor/laravel/framework/src/Illuminate/Database/Migrations/DatabaseMigrationRepository.php(185): Illuminate/Database/Schema/Builder->hasTable()
#16 D:/program/pekerjaan/laravel/anyar-retail/auth-service/vendor/laravel/framework/src/Illuminate/Database/Migrations/Migrator.php(758): Illuminate/Database/Migrations/DatabaseMigrationRepository->repositoryExists()
#17 D:/program/pekerjaan/laravel/anyar-retail/auth-service/vendor/laravel/framework/src/Illuminate/Database/Console/Migrations/MigrateCommand.php(166): Illuminate/Database/Migrations/Migrator->repositoryExists()
#18 D:/program/pekerjaan/laravel/anyar-retail/auth-service/vendor/laravel/framework/src/Illuminate/Support/helpers.php(328): Illuminate/Database/Console/Migrations/MigrateCommand->{closure:Illuminate/Database/Console/Migrations/MigrateCommand::repositoryExists():166}()
#19 D:/program/pekerjaan/laravel/anyar-retail/auth-service/vendor/laravel/framework/src/Illuminate/Database/Console/Migrations/MigrateCommand.php(166): retry()
#20 D:/program/pekerjaan/laravel/anyar-retail/auth-service/vendor/laravel/framework/src/Illuminate/Database/Console/Migrations/MigrateCommand.php(142): Illuminate/Database/Console/Migrations/MigrateCommand->repositoryExists()
#21 D:/program/pekerjaan/laravel/anyar-retail/auth-service/vendor/laravel/framework/src/Illuminate/Database/Console/Migrations/MigrateCommand.php(112): Illuminate/Database/Console/Migrations/MigrateCommand->prepareDatabase()
#22 D:/program/pekerjaan/laravel/anyar-retail/auth-service/vendor/laravel/framework/src/Illuminate/Database/Migrations/Migrator.php(671): Illuminate/Database/Console/Migrations/MigrateCommand->{closure:Illuminate/Database/Console/Migrations/MigrateCommand::runMigrations():111}()
#23 D:/program/pekerjaan/laravel/anyar-retail/auth-service/vendor/laravel/framework/src/Illuminate/Database/Console/Migrations/MigrateCommand.php(111): Illuminate/Database/Migrations/Migrator->usingConnection()
#24 D:/program/pekerjaan/laravel/anyar-retail/auth-service/vendor/laravel/framework/src/Illuminate/Database/Console/Migrations/MigrateCommand.php(90): Illuminate/Database/Console/Migrations/MigrateCommand->runMigrations()
#25 D:/program/pekerjaan/laravel/anyar-retail/auth-service/vendor/laravel/framework/src/Illuminate/Container/BoundMethod.php(36): Illuminate/Database/Console/Migrations/MigrateCommand->handle()
#26 D:/program/pekerjaan/laravel/anyar-retail/auth-service/vendor/laravel/framework/src/Illuminate/Container/Util.php(43): Illuminate/Container/BoundMethod::{closure:Illuminate/Container/BoundMethod::call():35}()
#27 D:/program/pekerjaan/laravel/anyar-retail/auth-service/vendor/laravel/framework/src/Illuminate/Container/BoundMethod.php(96): Illuminate/Container/Util::unwrapIfClosure()
#28 D:/program/pekerjaan/laravel/anyar-retail/auth-service/vendor/laravel/framework/src/Illuminate/Container/BoundMethod.php(35): Illuminate/Container/BoundMethod::callBoundMethod()
#29 D:/program/pekerjaan/laravel/anyar-retail/auth-service/vendor/laravel/framework/src/Illuminate/Container/Container.php(799): Illuminate/Container/BoundMethod::call()
#30 D:/program/pekerjaan/laravel/anyar-retail/auth-service/vendor/laravel/framework/src/Illuminate/Console/Command.php(280): Illuminate/Container/Container->call()
#31 D:/program/pekerjaan/laravel/anyar-retail/auth-service/vendor/symfony/console/Command/Command.php(284): Illuminate/Console/Command->execute()
#32 D:/program/pekerjaan/laravel/anyar-retail/auth-service/vendor/laravel/framework/src/Illuminate/Console/Command.php(249): Symfony/Component/Console/Command/Command->run()
#33 D:/program/pekerjaan/laravel/anyar-retail/auth-service/vendor/symfony/console/Application.php(1144): Illuminate/Console/Command->run()
#34 D:/program/pekerjaan/laravel/anyar-retail/auth-service/vendor/symfony/console/Application.php(379): Symfony/Component/Console/Application->doRunCommand()
#35 D:/program/pekerjaan/laravel/anyar-retail/auth-service/vendor/symfony/console/Application.php(218): Symfony/Component/Console/Application->doRun()
#36 D:/program/pekerjaan/laravel/anyar-retail/auth-service/vendor/laravel/framework/src/Illuminate/Foundation/Console/Kernel.php(198): Symfony/Component/Console/Application->run()
#37 D:/program/pekerjaan/laravel/anyar-retail/auth-service/vendor/laravel/framework/src/Illuminate/Foundation/Application.php(1235): Illuminate/Foundation/Console/Kernel->handle()
#38 D:/program/pekerjaan/laravel/anyar-retail/auth-service/artisan(16): Illuminate/Foundation/Application->handleCommand()
#39 {main}
"} 
[2026-06-10 10:04:59] local.ERROR: could not find driver (Connection: mysql, Host: db_auth, Port: 3306, Database: db_auth, SQL: select exists (select 1 from information_schema.tables where table_schema = schema() and table_name = 'migrations' and table_type in ('BASE TABLE', 'SYSTEM VERSIONED')) as `exists`) {"exception":"[object] (Illuminate\\Database\\QueryException(code: 0): could not find driver (Connection: mysql, Host: db_auth, Port: 3306, Database: db_auth, SQL: select exists (select 1 from information_schema.tables where table_schema = schema() and table_name = 'migrations' and table_type in ('BASE TABLE', 'SYSTEM VERSIONED')) as `exists`) at D:/program/pekerjaan/laravel/anyar-retail/auth-service/vendor/laravel/framework/src/Illuminate/Database/Connection.php:841)
[stacktrace]
#0 D:/program/pekerjaan/laravel/anyar-retail/auth-service/vendor/laravel/framework/src/Illuminate/Database/Connection.php(797): Illuminate/Database/Connection->runQueryCallback()
#1 D:/program/pekerjaan/laravel/anyar-retail/auth-service/vendor/laravel/framework/src/Illuminate/Database/Connection.php(412): Illuminate/Database/Connection->run()
#2 D:/program/pekerjaan/laravel/anyar-retail/auth-service/vendor/laravel/framework/src/Illuminate/Database/Connection.php(357): Illuminate/Database/Connection->select()
#3 D:/program/pekerjaan/laravel/anyar-retail/auth-service/vendor/laravel/framework/src/Illuminate/Database/Connection.php(374): Illuminate/Database/Connection->selectOne()
#4 D:/program/pekerjaan/laravel/anyar-retail/auth-service/vendor/laravel/framework/src/Illuminate/Database/Schema/Builder.php(176): Illuminate/Database/Connection->scalar()
#5 D:/program/pekerjaan/laravel/anyar-retail/auth-service/vendor/laravel/framework/src/Illuminate/Database/Migrations/DatabaseMigrationRepository.php(185): Illuminate/Database/Schema/Builder->hasTable()
#6 D:/program/pekerjaan/laravel/anyar-retail/auth-service/vendor/laravel/framework/src/Illuminate/Database/Migrations/Migrator.php(758): Illuminate/Database/Migrations/DatabaseMigrationRepository->repositoryExists()
#7 D:/program/pekerjaan/laravel/anyar-retail/auth-service/vendor/laravel/framework/src/Illuminate/Database/Console/Migrations/MigrateCommand.php(166): Illuminate/Database/Migrations/Migrator->repositoryExists()
#8 D:/program/pekerjaan/laravel/anyar-retail/auth-service/vendor/laravel/framework/src/Illuminate/Support/helpers.php(328): Illuminate/Database/Console/Migrations/MigrateCommand->{closure:Illuminate/Database/Console/Migrations/MigrateCommand::repositoryExists():166}()
#9 D:/program/pekerjaan/laravel/anyar-retail/auth-service/vendor/laravel/framework/src/Illuminate/Database/Console/Migrations/MigrateCommand.php(166): retry()
#10 D:/program/pekerjaan/laravel/anyar-retail/auth-service/vendor/laravel/framework/src/Illuminate/Database/Console/Migrations/MigrateCommand.php(142): Illuminate/Database/Console/Migrations/MigrateCommand->repositoryExists()
#11 D:/program/pekerjaan/laravel/anyar-retail/auth-service/vendor/laravel/framework/src/Illuminate/Database/Console/Migrations/MigrateCommand.php(112): Illuminate/Database/Console/Migrations/MigrateCommand->prepareDatabase()
#12 D:/program/pekerjaan/laravel/anyar-retail/auth-service/vendor/laravel/framework/src/Illuminate/Database/Migrations/Migrator.php(671): Illuminate/Database/Console/Migrations/MigrateCommand->{closure:Illuminate/Database/Console/Migrations/MigrateCommand::runMigrations():111}()
#13 D:/program/pekerjaan/laravel/anyar-retail/auth-service/vendor/laravel/framework/src/Illuminate/Database/Console/Migrations/MigrateCommand.php(111): Illuminate/Database/Migrations/Migrator->usingConnection()
#14 D:/program/pekerjaan/laravel/anyar-retail/auth-service/vendor/laravel/framework/src/Illuminate/Database/Console/Migrations/MigrateCommand.php(90): Illuminate/Database/Console/Migrations/MigrateCommand->runMigrations()
#15 D:/program/pekerjaan/laravel/anyar-retail/auth-service/vendor/laravel/framework/src/Illuminate/Container/BoundMethod.php(36): Illuminate/Database/Console/Migrations/MigrateCommand->handle()
#16 D:/program/pekerjaan/laravel/anyar-retail/auth-service/vendor/laravel/framework/src/Illuminate/Container/Util.php(43): Illuminate/Container/BoundMethod::{closure:Illuminate/Container/BoundMethod::call():35}()
#17 D:/program/pekerjaan/laravel/anyar-retail/auth-service/vendor/laravel/framework/src/Illuminate/Container/BoundMethod.php(96): Illuminate/Container/Util::unwrapIfClosure()
#18 D:/program/pekerjaan/laravel/anyar-retail/auth-service/vendor/laravel/framework/src/Illuminate/Container/BoundMethod.php(35): Illuminate/Container/BoundMethod::callBoundMethod()
#19 D:/program/pekerjaan/laravel/anyar-retail/auth-service/vendor/laravel/framework/src/Illuminate/Container/Container.php(799): Illuminate/Container/BoundMethod::call()
#20 D:/program/pekerjaan/laravel/anyar-retail/auth-service/vendor/laravel/framework/src/Illuminate/Console/Command.php(280): Illuminate/Container/Container->call()
#21 D:/program/pekerjaan/laravel/anyar-retail/auth-service/vendor/symfony/console/Command/Command.php(284): Illuminate/Console/Command->execute()
#22 D:/program/pekerjaan/laravel/anyar-retail/auth-service/vendor/laravel/framework/src/Illuminate/Console/Command.php(249): Symfony/Component/Console/Command/Command->run()
#23 D:/program/pekerjaan/laravel/anyar-retail/auth-service/vendor/symfony/console/Application.php(1144): Illuminate/Console/Command->run()
#24 D:/program/pekerjaan/laravel/anyar-retail/auth-service/vendor/symfony/console/Application.php(379): Symfony/Component/Console/Application->doRunCommand()
#25 D:/program/pekerjaan/laravel/anyar-retail/auth-service/vendor/symfony/console/Application.php(218): Symfony/Component/Console/Application->doRun()
#26 D:/program/pekerjaan/laravel/anyar-retail/auth-service/vendor/laravel/framework/src/Illuminate/Foundation/Console/Kernel.php(198): Symfony/Component/Console/Application->run()
#27 D:/program/pekerjaan/laravel/anyar-retail/auth-service/vendor/laravel/framework/src/Illuminate/Foundation/Application.php(1235): Illuminate/Foundation/Console/Kernel->handle()
#28 D:/program/pekerjaan/laravel/anyar-retail/auth-service/artisan(16): Illuminate/Foundation/Application->handleCommand()
#29 {main}

[previous exception] [object] (PDOException(code: 0): could not find driver at D:/program/pekerjaan/laravel/anyar-retail/auth-service/vendor/laravel/framework/src/Illuminate/Database/Connectors/Connector.php:67)
[stacktrace]
#0 D:/program/pekerjaan/laravel/anyar-retail/auth-service/vendor/laravel/framework/src/Illuminate/Database/Connectors/Connector.php(67): PDO::connect()
#1 D:/program/pekerjaan/laravel/anyar-retail/auth-service/vendor/laravel/framework/src/Illuminate/Database/Connectors/Connector.php(44): Illuminate/Database/Connectors/Connector->createPdoConnection()
#2 D:/program/pekerjaan/laravel/anyar-retail/auth-service/vendor/laravel/framework/src/Illuminate/Database/Connectors/MySqlConnector.php(24): Illuminate/Database/Connectors/Connector->createConnection()
#3 D:/program/pekerjaan/laravel/anyar-retail/auth-service/vendor/laravel/framework/src/Illuminate/Database/Connectors/ConnectionFactory.php(188): Illuminate/Database/Connectors/MySqlConnector->connect()
#4 [internal function]: Illuminate/Database/Connectors/ConnectionFactory->{closure:Illuminate/Database/Connectors/ConnectionFactory::createPdoResolverWithHosts():181}()
#5 D:/program/pekerjaan/laravel/anyar-retail/auth-service/vendor/laravel/framework/src/Illuminate/Database/Connection.php(1279): call_user_func()
#6 D:/program/pekerjaan/laravel/anyar-retail/auth-service/vendor/laravel/framework/src/Illuminate/Database/Connection.php(1317): Illuminate/Database/Connection->getPdo()
#7 D:/program/pekerjaan/laravel/anyar-retail/auth-service/vendor/laravel/framework/src/Illuminate/Database/Connection.php(528): Illuminate/Database/Connection->getReadPdo()
#8 D:/program/pekerjaan/laravel/anyar-retail/auth-service/vendor/laravel/framework/src/Illuminate/Database/Connection.php(421): Illuminate/Database/Connection->getPdoForSelect()
#9 D:/program/pekerjaan/laravel/anyar-retail/auth-service/vendor/laravel/framework/src/Illuminate/Database/Connection.php(830): Illuminate/Database/Connection->{closure:Illuminate/Database/Connection::select():412}()
#10 D:/program/pekerjaan/laravel/anyar-retail/auth-service/vendor/laravel/framework/src/Illuminate/Database/Connection.php(797): Illuminate/Database/Connection->runQueryCallback()
#11 D:/program/pekerjaan/laravel/anyar-retail/auth-service/vendor/laravel/framework/src/Illuminate/Database/Connection.php(412): Illuminate/Database/Connection->run()
#12 D:/program/pekerjaan/laravel/anyar-retail/auth-service/vendor/laravel/framework/src/Illuminate/Database/Connection.php(357): Illuminate/Database/Connection->select()
#13 D:/program/pekerjaan/laravel/anyar-retail/auth-service/vendor/laravel/framework/src/Illuminate/Database/Connection.php(374): Illuminate/Database/Connection->selectOne()
#14 D:/program/pekerjaan/laravel/anyar-retail/auth-service/vendor/laravel/framework/src/Illuminate/Database/Schema/Builder.php(176): Illuminate/Database/Connection->scalar()
#15 D:/program/pekerjaan/laravel/anyar-retail/auth-service/vendor/laravel/framework/src/Illuminate/Database/Migrations/DatabaseMigrationRepository.php(185): Illuminate/Database/Schema/Builder->hasTable()
#16 D:/program/pekerjaan/laravel/anyar-retail/auth-service/vendor/laravel/framework/src/Illuminate/Database/Migrations/Migrator.php(758): Illuminate/Database/Migrations/DatabaseMigrationRepository->repositoryExists()
#17 D:/program/pekerjaan/laravel/anyar-retail/auth-service/vendor/laravel/framework/src/Illuminate/Database/Console/Migrations/MigrateCommand.php(166): Illuminate/Database/Migrations/Migrator->repositoryExists()
#18 D:/program/pekerjaan/laravel/anyar-retail/auth-service/vendor/laravel/framework/src/Illuminate/Support/helpers.php(328): Illuminate/Database/Console/Migrations/MigrateCommand->{closure:Illuminate/Database/Console/Migrations/MigrateCommand::repositoryExists():166}()
#19 D:/program/pekerjaan/laravel/anyar-retail/auth-service/vendor/laravel/framework/src/Illuminate/Database/Console/Migrations/MigrateCommand.php(166): retry()
#20 D:/program/pekerjaan/laravel/anyar-retail/auth-service/vendor/laravel/framework/src/Illuminate/Database/Console/Migrations/MigrateCommand.php(142): Illuminate/Database/Console/Migrations/MigrateCommand->repositoryExists()
#21 D:/program/pekerjaan/laravel/anyar-retail/auth-service/vendor/laravel/framework/src/Illuminate/Database/Console/Migrations/MigrateCommand.php(112): Illuminate/Database/Console/Migrations/MigrateCommand->prepareDatabase()
#22 D:/program/pekerjaan/laravel/anyar-retail/auth-service/vendor/laravel/framework/src/Illuminate/Database/Migrations/Migrator.php(671): Illuminate/Database/Console/Migrations/MigrateCommand->{closure:Illuminate/Database/Console/Migrations/MigrateCommand::runMigrations():111}()
#23 D:/program/pekerjaan/laravel/anyar-retail/auth-service/vendor/laravel/framework/src/Illuminate/Database/Console/Migrations/MigrateCommand.php(111): Illuminate/Database/Migrations/Migrator->usingConnection()
#24 D:/program/pekerjaan/laravel/anyar-retail/auth-service/vendor/laravel/framework/src/Illuminate/Database/Console/Migrations/MigrateCommand.php(90): Illuminate/Database/Console/Migrations/MigrateCommand->runMigrations()
#25 D:/program/pekerjaan/laravel/anyar-retail/auth-service/vendor/laravel/framework/src/Illuminate/Container/BoundMethod.php(36): Illuminate/Database/Console/Migrations/MigrateCommand->handle()
#26 D:/program/pekerjaan/laravel/anyar-retail/auth-service/vendor/laravel/framework/src/Illuminate/Container/Util.php(43): Illuminate/Container/BoundMethod::{closure:Illuminate/Container/BoundMethod::call():35}()
#27 D:/program/pekerjaan/laravel/anyar-retail/auth-service/vendor/laravel/framework/src/Illuminate/Container/BoundMethod.php(96): Illuminate/Container/Util::unwrapIfClosure()
#28 D:/program/pekerjaan/laravel/anyar-retail/auth-service/vendor/laravel/framework/src/Illuminate/Container/BoundMethod.php(35): Illuminate/Container/BoundMethod::callBoundMethod()
#29 D:/program/pekerjaan/laravel/anyar-retail/auth-service/vendor/laravel/framework/src/Illuminate/Container/Container.php(799): Illuminate/Container/BoundMethod::call()
#30 D:/program/pekerjaan/laravel/anyar-retail/auth-service/vendor/laravel/framework/src/Illuminate/Console/Command.php(280): Illuminate/Container/Container->call()
#31 D:/program/pekerjaan/laravel/anyar-retail/auth-service/vendor/symfony/console/Command/Command.php(284): Illuminate/Console/Command->execute()
#32 D:/program/pekerjaan/laravel/anyar-retail/auth-service/vendor/laravel/framework/src/Illuminate/Console/Command.php(249): Symfony/Component/Console/Command/Command->run()
#33 D:/program/pekerjaan/laravel/anyar-retail/auth-service/vendor/symfony/console/Application.php(1144): Illuminate/Console/Command->run()
#34 D:/program/pekerjaan/laravel/anyar-retail/auth-service/vendor/symfony/console/Application.php(379): Symfony/Component/Console/Application->doRunCommand()
#35 D:/program/pekerjaan/laravel/anyar-retail/auth-service/vendor/symfony/console/Application.php(218): Symfony/Component/Console/Application->doRun()
#36 D:/program/pekerjaan/laravel/anyar-retail/auth-service/vendor/laravel/framework/src/Illuminate/Foundation/Console/Kernel.php(198): Symfony/Component/Console/Application->run()
#37 D:/program/pekerjaan/laravel/anyar-retail/auth-service/vendor/laravel/framework/src/Illuminate/Foundation/Application.php(1235): Illuminate/Foundation/Console/Kernel->handle()
#38 D:/program/pekerjaan/laravel/anyar-retail/auth-service/artisan(16): Illuminate/Foundation/Application->handleCommand()
#39 {main}
"} 
[2026-06-10 10:13:16] local.ERROR: could not find driver (Connection: mysql, Host: db_auth, Port: 3306, Database: db_auth, SQL: select exists (select 1 from information_schema.tables where table_schema = schema() and table_name = 'migrations' and table_type in ('BASE TABLE', 'SYSTEM VERSIONED')) as `exists`) {"exception":"[object] (Illuminate\\Database\\QueryException(code: 0): could not find driver (Connection: mysql, Host: db_auth, Port: 3306, Database: db_auth, SQL: select exists (select 1 from information_schema.tables where table_schema = schema() and table_name = 'migrations' and table_type in ('BASE TABLE', 'SYSTEM VERSIONED')) as `exists`) at D:/program/pekerjaan/laravel/anyar-retail/auth-service/vendor/laravel/framework/src/Illuminate/Database/Connection.php:841)
[stacktrace]
#0 D:/program/pekerjaan/laravel/anyar-retail/auth-service/vendor/laravel/framework/src/Illuminate/Database/Connection.php(797): Illuminate/Database/Connection->runQueryCallback()
#1 D:/program/pekerjaan/laravel/anyar-retail/auth-service/vendor/laravel/framework/src/Illuminate/Database/Connection.php(412): Illuminate/Database/Connection->run()
#2 D:/program/pekerjaan/laravel/anyar-retail/auth-service/vendor/laravel/framework/src/Illuminate/Database/Connection.php(357): Illuminate/Database/Connection->select()
#3 D:/program/pekerjaan/laravel/anyar-retail/auth-service/vendor/laravel/framework/src/Illuminate/Database/Connection.php(374): Illuminate/Database/Connection->selectOne()
#4 D:/program/pekerjaan/laravel/anyar-retail/auth-service/vendor/laravel/framework/src/Illuminate/Database/Schema/Builder.php(176): Illuminate/Database/Connection->scalar()
#5 D:/program/pekerjaan/laravel/anyar-retail/auth-service/vendor/laravel/framework/src/Illuminate/Database/Migrations/DatabaseMigrationRepository.php(185): Illuminate/Database/Schema/Builder->hasTable()
#6 D:/program/pekerjaan/laravel/anyar-retail/auth-service/vendor/laravel/framework/src/Illuminate/Database/Migrations/Migrator.php(758): Illuminate/Database/Migrations/DatabaseMigrationRepository->repositoryExists()
#7 D:/program/pekerjaan/laravel/anyar-retail/auth-service/vendor/laravel/framework/src/Illuminate/Database/Console/Migrations/MigrateCommand.php(166): Illuminate/Database/Migrations/Migrator->repositoryExists()
#8 D:/program/pekerjaan/laravel/anyar-retail/auth-service/vendor/laravel/framework/src/Illuminate/Support/helpers.php(328): Illuminate/Database/Console/Migrations/MigrateCommand->{closure:Illuminate/Database/Console/Migrations/MigrateCommand::repositoryExists():166}()
#9 D:/program/pekerjaan/laravel/anyar-retail/auth-service/vendor/laravel/framework/src/Illuminate/Database/Console/Migrations/MigrateCommand.php(166): retry()
#10 D:/program/pekerjaan/laravel/anyar-retail/auth-service/vendor/laravel/framework/src/Illuminate/Database/Console/Migrations/MigrateCommand.php(142): Illuminate/Database/Console/Migrations/MigrateCommand->repositoryExists()
#11 D:/program/pekerjaan/laravel/anyar-retail/auth-service/vendor/laravel/framework/src/Illuminate/Database/Console/Migrations/MigrateCommand.php(112): Illuminate/Database/Console/Migrations/MigrateCommand->prepareDatabase()
#12 D:/program/pekerjaan/laravel/anyar-retail/auth-service/vendor/laravel/framework/src/Illuminate/Database/Migrations/Migrator.php(671): Illuminate/Database/Console/Migrations/MigrateCommand->{closure:Illuminate/Database/Console/Migrations/MigrateCommand::runMigrations():111}()
#13 D:/program/pekerjaan/laravel/anyar-retail/auth-service/vendor/laravel/framework/src/Illuminate/Database/Console/Migrations/MigrateCommand.php(111): Illuminate/Database/Migrations/Migrator->usingConnection()
#14 D:/program/pekerjaan/laravel/anyar-retail/auth-service/vendor/laravel/framework/src/Illuminate/Database/Console/Migrations/MigrateCommand.php(90): Illuminate/Database/Console/Migrations/MigrateCommand->runMigrations()
#15 D:/program/pekerjaan/laravel/anyar-retail/auth-service/vendor/laravel/framework/src/Illuminate/Container/BoundMethod.php(36): Illuminate/Database/Console/Migrations/MigrateCommand->handle()
#16 D:/program/pekerjaan/laravel/anyar-retail/auth-service/vendor/laravel/framework/src/Illuminate/Container/Util.php(43): Illuminate/Container/BoundMethod::{closure:Illuminate/Container/BoundMethod::call():35}()
#17 D:/program/pekerjaan/laravel/anyar-retail/auth-service/vendor/laravel/framework/src/Illuminate/Container/BoundMethod.php(96): Illuminate/Container/Util::unwrapIfClosure()
#18 D:/program/pekerjaan/laravel/anyar-retail/auth-service/vendor/laravel/framework/src/Illuminate/Container/BoundMethod.php(35): Illuminate/Container/BoundMethod::callBoundMethod()
#19 D:/program/pekerjaan/laravel/anyar-retail/auth-service/vendor/laravel/framework/src/Illuminate/Container/Container.php(799): Illuminate/Container/BoundMethod::call()
#20 D:/program/pekerjaan/laravel/anyar-retail/auth-service/vendor/laravel/framework/src/Illuminate/Console/Command.php(280): Illuminate/Container/Container->call()
#21 D:/program/pekerjaan/laravel/anyar-retail/auth-service/vendor/symfony/console/Command/Command.php(284): Illuminate/Console/Command->execute()
#22 D:/program/pekerjaan/laravel/anyar-retail/auth-service/vendor/laravel/framework/src/Illuminate/Console/Command.php(249): Symfony/Component/Console/Command/Command->run()
#23 D:/program/pekerjaan/laravel/anyar-retail/auth-service/vendor/symfony/console/Application.php(1144): Illuminate/Console/Command->run()
#24 D:/program/pekerjaan/laravel/anyar-retail/auth-service/vendor/symfony/console/Application.php(379): Symfony/Component/Console/Application->doRunCommand()
#25 D:/program/pekerjaan/laravel/anyar-retail/auth-service/vendor/symfony/console/Application.php(218): Symfony/Component/Console/Application->doRun()
#26 D:/program/pekerjaan/laravel/anyar-retail/auth-service/vendor/laravel/framework/src/Illuminate/Foundation/Console/Kernel.php(198): Symfony/Component/Console/Application->run()
#27 D:/program/pekerjaan/laravel/anyar-retail/auth-service/vendor/laravel/framework/src/Illuminate/Foundation/Application.php(1235): Illuminate/Foundation/Console/Kernel->handle()
#28 D:/program/pekerjaan/laravel/anyar-retail/auth-service/artisan(16): Illuminate/Foundation/Application->handleCommand()
#29 {main}

[previous exception] [object] (PDOException(code: 0): could not find driver at D:/program/pekerjaan/laravel/anyar-retail/auth-service/vendor/laravel/framework/src/Illuminate/Database/Connectors/Connector.php:67)
[stacktrace]
#0 D:/program/pekerjaan/laravel/anyar-retail/auth-service/vendor/laravel/framework/src/Illuminate/Database/Connectors/Connector.php(67): PDO::connect()
#1 D:/program/pekerjaan/laravel/anyar-retail/auth-service/vendor/laravel/framework/src/Illuminate/Database/Connectors/Connector.php(44): Illuminate/Database/Connectors/Connector->createPdoConnection()
#2 D:/program/pekerjaan/laravel/anyar-retail/auth-service/vendor/laravel/framework/src/Illuminate/Database/Connectors/MySqlConnector.php(24): Illuminate/Database/Connectors/Connector->createConnection()
#3 D:/program/pekerjaan/laravel/anyar-retail/auth-service/vendor/laravel/framework/src/Illuminate/Database/Connectors/ConnectionFactory.php(188): Illuminate/Database/Connectors/MySqlConnector->connect()
#4 [internal function]: Illuminate/Database/Connectors/ConnectionFactory->{closure:Illuminate/Database/Connectors/ConnectionFactory::createPdoResolverWithHosts():181}()
#5 D:/program/pekerjaan/laravel/anyar-retail/auth-service/vendor/laravel/framework/src/Illuminate/Database/Connection.php(1279): call_user_func()
#6 D:/program/pekerjaan/laravel/anyar-retail/auth-service/vendor/laravel/framework/src/Illuminate/Database/Connection.php(1317): Illuminate/Database/Connection->getPdo()
#7 D:/program/pekerjaan/laravel/anyar-retail/auth-service/vendor/laravel/framework/src/Illuminate/Database/Connection.php(528): Illuminate/Database/Connection->getReadPdo()
#8 D:/program/pekerjaan/laravel/anyar-retail/auth-service/vendor/laravel/framework/src/Illuminate/Database/Connection.php(421): Illuminate/Database/Connection->getPdoForSelect()
#9 D:/program/pekerjaan/laravel/anyar-retail/auth-service/vendor/laravel/framework/src/Illuminate/Database/Connection.php(830): Illuminate/Database/Connection->{closure:Illuminate/Database/Connection::select():412}()
#10 D:/program/pekerjaan/laravel/anyar-retail/auth-service/vendor/laravel/framework/src/Illuminate/Database/Connection.php(797): Illuminate/Database/Connection->runQueryCallback()
#11 D:/program/pekerjaan/laravel/anyar-retail/auth-service/vendor/laravel/framework/src/Illuminate/Database/Connection.php(412): Illuminate/Database/Connection->run()
#12 D:/program/pekerjaan/laravel/anyar-retail/auth-service/vendor/laravel/framework/src/Illuminate/Database/Connection.php(357): Illuminate/Database/Connection->select()
#13 D:/program/pekerjaan/laravel/anyar-retail/auth-service/vendor/laravel/framework/src/Illuminate/Database/Connection.php(374): Illuminate/Database/Connection->selectOne()
#14 D:/program/pekerjaan/laravel/anyar-retail/auth-service/vendor/laravel/framework/src/Illuminate/Database/Schema/Builder.php(176): Illuminate/Database/Connection->scalar()
#15 D:/program/pekerjaan/laravel/anyar-retail/auth-service/vendor/laravel/framework/src/Illuminate/Database/Migrations/DatabaseMigrationRepository.php(185): Illuminate/Database/Schema/Builder->hasTable()
#16 D:/program/pekerjaan/laravel/anyar-retail/auth-service/vendor/laravel/framework/src/Illuminate/Database/Migrations/Migrator.php(758): Illuminate/Database/Migrations/DatabaseMigrationRepository->repositoryExists()
#17 D:/program/pekerjaan/laravel/anyar-retail/auth-service/vendor/laravel/framework/src/Illuminate/Database/Console/Migrations/MigrateCommand.php(166): Illuminate/Database/Migrations/Migrator->repositoryExists()
#18 D:/program/pekerjaan/laravel/anyar-retail/auth-service/vendor/laravel/framework/src/Illuminate/Support/helpers.php(328): Illuminate/Database/Console/Migrations/MigrateCommand->{closure:Illuminate/Database/Console/Migrations/MigrateCommand::repositoryExists():166}()
#19 D:/program/pekerjaan/laravel/anyar-retail/auth-service/vendor/laravel/framework/src/Illuminate/Database/Console/Migrations/MigrateCommand.php(166): retry()
#20 D:/program/pekerjaan/laravel/anyar-retail/auth-service/vendor/laravel/framework/src/Illuminate/Database/Console/Migrations/MigrateCommand.php(142): Illuminate/Database/Console/Migrations/MigrateCommand->repositoryExists()
#21 D:/program/pekerjaan/laravel/anyar-retail/auth-service/vendor/laravel/framework/src/Illuminate/Database/Console/Migrations/MigrateCommand.php(112): Illuminate/Database/Console/Migrations/MigrateCommand->prepareDatabase()
#22 D:/program/pekerjaan/laravel/anyar-retail/auth-service/vendor/laravel/framework/src/Illuminate/Database/Migrations/Migrator.php(671): Illuminate/Database/Console/Migrations/MigrateCommand->{closure:Illuminate/Database/Console/Migrations/MigrateCommand::runMigrations():111}()
#23 D:/program/pekerjaan/laravel/anyar-retail/auth-service/vendor/laravel/framework/src/Illuminate/Database/Console/Migrations/MigrateCommand.php(111): Illuminate/Database/Migrations/Migrator->usingConnection()
#24 D:/program/pekerjaan/laravel/anyar-retail/auth-service/vendor/laravel/framework/src/Illuminate/Database/Console/Migrations/MigrateCommand.php(90): Illuminate/Database/Console/Migrations/MigrateCommand->runMigrations()
#25 D:/program/pekerjaan/laravel/anyar-retail/auth-service/vendor/laravel/framework/src/Illuminate/Container/BoundMethod.php(36): Illuminate/Database/Console/Migrations/MigrateCommand->handle()
#26 D:/program/pekerjaan/laravel/anyar-retail/auth-service/vendor/laravel/framework/src/Illuminate/Container/Util.php(43): Illuminate/Container/BoundMethod::{closure:Illuminate/Container/BoundMethod::call():35}()
#27 D:/program/pekerjaan/laravel/anyar-retail/auth-service/vendor/laravel/framework/src/Illuminate/Container/BoundMethod.php(96): Illuminate/Container/Util::unwrapIfClosure()
#28 D:/program/pekerjaan/laravel/anyar-retail/auth-service/vendor/laravel/framework/src/Illuminate/Container/BoundMethod.php(35): Illuminate/Container/BoundMethod::callBoundMethod()
#29 D:/program/pekerjaan/laravel/anyar-retail/auth-service/vendor/laravel/framework/src/Illuminate/Container/Container.php(799): Illuminate/Container/BoundMethod::call()
#30 D:/program/pekerjaan/laravel/anyar-retail/auth-service/vendor/laravel/framework/src/Illuminate/Console/Command.php(280): Illuminate/Container/Container->call()
#31 D:/program/pekerjaan/laravel/anyar-retail/auth-service/vendor/symfony/console/Command/Command.php(284): Illuminate/Console/Command->execute()
#32 D:/program/pekerjaan/laravel/anyar-retail/auth-service/vendor/laravel/framework/src/Illuminate/Console/Command.php(249): Symfony/Component/Console/Command/Command->run()
#33 D:/program/pekerjaan/laravel/anyar-retail/auth-service/vendor/symfony/console/Application.php(1144): Illuminate/Console/Command->run()
#34 D:/program/pekerjaan/laravel/anyar-retail/auth-service/vendor/symfony/console/Application.php(379): Symfony/Component/Console/Application->doRunCommand()
#35 D:/program/pekerjaan/laravel/anyar-retail/auth-service/vendor/symfony/console/Application.php(218): Symfony/Component/Console/Application->doRun()
#36 D:/program/pekerjaan/laravel/anyar-retail/auth-service/vendor/laravel/framework/src/Illuminate/Foundation/Console/Kernel.php(198): Symfony/Component/Console/Application->run()
#37 D:/program/pekerjaan/laravel/anyar-retail/auth-service/vendor/laravel/framework/src/Illuminate/Foundation/Application.php(1235): Illuminate/Foundation/Console/Kernel->handle()
#38 D:/program/pekerjaan/laravel/anyar-retail/auth-service/artisan(16): Illuminate/Foundation/Application->handleCommand()
#39 {main}
"} 
